0	0.02054982	Fresh Beans Roa	IRP_MJ_CREATE	Serial2	SUCCESS	Options: Open 	
1	0.00000335	Fresh Beans Roa	IOCTL_SERIAL_SET_WAIT_MASK	Serial2	SUCCESS	Mask: RXCHAR TXEMPTY CTS DSR RLSD BRK ERR RING 	
2	0.00000223	Fresh Beans Roa	IOCTL_SERIAL_SET_QUEUE_SIZE	Serial2	SUCCESS	InSize: 1024 OutSize: 1024	
3	0.00000559	Fresh Beans Roa	IOCTL_SERIAL_PURGE	Serial2	SUCCESS	Purge: TXABORT RXABORT TXCLEAR RXCLEAR	
4	0.00000251	Fresh Beans Roa	IOCTL_SERIAL_SET_TIMEOUTS	Serial2	SUCCESS	RI:-1 RM:0 RC:0 WM:0 WC:5000	
5	0.00000251	Fresh Beans Roa	IOCTL_SERIAL_GET_BAUD_RATE	Serial2	SUCCESS		
6	0.00000223	Fresh Beans Roa	IOCTL_SERIAL_GET_LINE_CONTROL	Serial2	SUCCESS		
7	0.00000196	Fresh Beans Roa	IOCTL_SERIAL_GET_CHARS	Serial2	SUCCESS		
8	0.00000196	Fresh Beans Roa	IOCTL_SERIAL_GET_HANDFLOW	Serial2	SUCCESS		
9	0.00000196	Fresh Beans Roa	IOCTL_SERIAL_GET_BAUD_RATE	Serial2	SUCCESS		
10	0.00000196	Fresh Beans Roa	IOCTL_SERIAL_GET_LINE_CONTROL	Serial2	SUCCESS		
11	0.00000223	Fresh Beans Roa	IOCTL_SERIAL_GET_CHARS	Serial2	SUCCESS		
12	0.00000223	Fresh Beans Roa	IOCTL_SERIAL_GET_HANDFLOW	Serial2	SUCCESS		
13	0.00000251	Fresh Beans Roa	IOCTL_SERIAL_SET_BAUD_RATE	Serial2	SUCCESS	Rate: 9600	
14	0.00000223	Fresh Beans Roa	IOCTL_SERIAL_CLR_RTS	Serial2	SUCCESS		
15	0.00000223	Fresh Beans Roa	IOCTL_SERIAL_SET_DTR	Serial2	SUCCESS		
16	0.00000251	Fresh Beans Roa	IOCTL_SERIAL_SET_LINE_CONTROL	Serial2	SUCCESS	StopBits: 1 Parity: NONE WordLength: 8	
17	0.00000223	Fresh Beans Roa	IOCTL_SERIAL_SET_CHAR	Serial2	SUCCESS	EOF:1a ERR:0 BRK:0 EVT:0 XON:11 XOFF:13	
18	0.00649384	Fresh Beans Roa	IOCTL_SERIAL_SET_HANDFLOW	Serial2	SUCCESS	Shake:1 Replace:0 XonLimit:256 XoffLimit:256	
19	0.00000279	Fresh Beans Roa	IOCTL_SERIAL_SET_WAIT_MASK	Serial2	SUCCESS	Mask: RXCHAR TXEMPTY CTS DSR RLSD BRK ERR RING 	
20	0.00000196	Fresh Beans Roa	IOCTL_SERIAL_SET_WAIT_MASK	Serial2	SUCCESS	Mask: RXCHAR TXEMPTY CTS DSR RLSD BRK ERR RING 	
21	0.00857539	Fresh Beans Roa	IOCTL_SERIAL_WAIT_ON_MASK	Serial2	SUCCESS		
22	0.00000838	Fresh Beans Roa	IOCTL_SERIAL_PURGE	Serial2	SUCCESS	Purge: TXABORT TXCLEAR 	
23	0.00000307	Fresh Beans Roa	IOCTL_SERIAL_GET_COMMSTATUS	Serial2	SUCCESS		
24	0.00000391	Fresh Beans Roa	IOCTL_SERIAL_GET_COMMSTATUS	Serial2	SUCCESS		
25	0.00164267	Fresh Beans Roa	IRP_MJ_WRITE	Serial2	SUCCESS	Length 14: AA 55 61 74 63 00 00 00 00 00 00 00 AA FA 	
26	0.00000307	Fresh Beans Roa	IOCTL_SERIAL_SET_WAIT_MASK	Serial2	SUCCESS	Mask: RXCHAR TXEMPTY CTS DSR RLSD BRK ERR RING 	
27	0.04020064	Fresh Beans Roa	IOCTL_SERIAL_WAIT_ON_MASK	Serial2	SUCCESS		
28	0.00000168	Fresh Beans Roa	IOCTL_SERIAL_GET_COMMSTATUS	Serial2	SUCCESS		
29	0.00000279	Fresh Beans Roa	IOCTL_SERIAL_GET_COMMSTATUS	Serial2	SUCCESS		
30	0.00000307	Fresh Beans Roa	IOCTL_SERIAL_SET_WAIT_MASK	Serial2	SUCCESS	Mask: RXCHAR TXEMPTY CTS DSR RLSD BRK ERR RING 	
31	0.00000168	Fresh Beans Roa	IOCTL_SERIAL_WAIT_ON_MASK	Serial2	SUCCESS		
32	0.00000168	Fresh Beans Roa	IOCTL_SERIAL_SET_WAIT_MASK	Serial2	SUCCESS	Mask: RXCHAR TXEMPTY CTS DSR RLSD BRK ERR RING 	
33	0.04598322	Fresh Beans Roa	IOCTL_SERIAL_WAIT_ON_MASK	Serial2	SUCCESS		
34	0.00000196	Fresh Beans Roa	IOCTL_SERIAL_GET_COMMSTATUS	Serial2	SUCCESS		
35	0.00000168	Fresh Beans Roa	IOCTL_SERIAL_GET_COMMSTATUS	Serial2	SUCCESS		
36	0.00000251	Fresh Beans Roa	IRP_MJ_READ	Serial2	SUCCESS	Length 14: AA AA 61 74 A0 00 00 09 3B 03 00 00 AA FA 	
37	0.00000140	Fresh Beans Roa	IOCTL_SERIAL_GET_COMMSTATUS	Serial2	SUCCESS		
38	0.00000140	Fresh Beans Roa	IOCTL_SERIAL_GET_COMMSTATUS	Serial2	SUCCESS		
39	0.00000140	Fresh Beans Roa	IOCTL_SERIAL_GET_COMMSTATUS	Serial2	SUCCESS		
40	0.00000335	Fresh Beans Roa	IOCTL_SERIAL_SET_WAIT_MASK	Serial2	SUCCESS	Mask: RXCHAR TXEMPTY CTS DSR RLSD BRK ERR RING 	
41	0.00000168	Fresh Beans Roa	IOCTL_SERIAL_WAIT_ON_MASK	Serial2	SUCCESS		
42	0.00000168	Fresh Beans Roa	IOCTL_SERIAL_SET_WAIT_MASK	Serial2	SUCCESS	Mask: RXCHAR TXEMPTY CTS DSR RLSD BRK ERR RING 	
43	0.04835838	Fresh Beans Roa	IOCTL_SERIAL_WAIT_ON_MASK	Serial2	SUCCESS		
44	0.00000196	Fresh Beans Roa	IOCTL_SERIAL_GET_COMMSTATUS	Serial2	SUCCESS		
45	0.00000168	Fresh Beans Roa	IOCTL_SERIAL_GET_COMMSTATUS	Serial2	SUCCESS		
46	0.00000391	Fresh Beans Roa	IRP_MJ_READ	Serial2	SUCCESS	Length 14: AA AA 61 74 AA 00 00 05 02 03 00 00 AA FA 	
47	0.00000168	Fresh Beans Roa	IOCTL_SERIAL_GET_COMMSTATUS	Serial2	SUCCESS		
48	0.00000196	Fresh Beans Roa	IOCTL_SERIAL_GET_COMMSTATUS	Serial2	SUCCESS		
49	0.00000168	Fresh Beans Roa	IOCTL_SERIAL_GET_COMMSTATUS	Serial2	SUCCESS		
50	0.00000335	Fresh Beans Roa	IOCTL_SERIAL_SET_WAIT_MASK	Serial2	SUCCESS	Mask: RXCHAR TXEMPTY CTS DSR RLSD BRK ERR RING 	
51	0.00000168	Fresh Beans Roa	IOCTL_SERIAL_WAIT_ON_MASK	Serial2	SUCCESS		
52	0.00000168	Fresh Beans Roa	IOCTL_SERIAL_SET_WAIT_MASK	Serial2	SUCCESS	Mask: RXCHAR TXEMPTY CTS DSR RLSD BRK ERR RING 	
53	0.24101275	Fresh Beans Roa	IOCTL_SERIAL_WAIT_ON_MASK	Serial2	SUCCESS		
54	0.00000196	Fresh Beans Roa	IOCTL_SERIAL_GET_COMMSTATUS	Serial2	SUCCESS		
55	0.00000168	Fresh Beans Roa	IOCTL_SERIAL_GET_COMMSTATUS	Serial2	SUCCESS		
56	0.00000223	Fresh Beans Roa	IRP_MJ_READ	Serial2	SUCCESS	Length 14: AA AA 61 74 AF 00 00 05 07 00 00 00 AA FA 	
57	0.00000168	Fresh Beans Roa	IOCTL_SERIAL_GET_COMMSTATUS	Serial2	SUCCESS		
58	0.00000335	Fresh Beans Roa	IOCTL_SERIAL_GET_COMMSTATUS	Serial2	SUCCESS		
59	0.00000196	Fresh Beans Roa	IOCTL_SERIAL_GET_COMMSTATUS	Serial2	SUCCESS		
60	0.00000643	Fresh Beans Roa	IOCTL_SERIAL_PURGE	Serial2	SUCCESS	Purge: TXABORT TXCLEAR 	
61	0.00000223	Fresh Beans Roa	IOCTL_SERIAL_GET_COMMSTATUS	Serial2	SUCCESS		
62	0.00000168	Fresh Beans Roa	IOCTL_SERIAL_GET_COMMSTATUS	Serial2	SUCCESS		
63	0.00000196	Fresh Beans Roa	IOCTL_SERIAL_GET_PROPERTIES	Serial2	SUCCESS		
64	0.00646563	Fresh Beans Roa	IRP_MJ_WRITE	Serial2	SUCCESS	Length 14: AA AA 61 74 63 02 01 05 02 03 00 00 AA FA 	
65	0.00000335	Fresh Beans Roa	IOCTL_SERIAL_GET_COMMSTATUS	Serial2	SUCCESS		
66	0.00000363	Fresh Beans Roa	IOCTL_SERIAL_SET_WAIT_MASK	Serial2	SUCCESS	Mask: RXCHAR TXEMPTY CTS DSR RLSD BRK ERR RING 	
67	0.03913626	Fresh Beans Roa	IOCTL_SERIAL_WAIT_ON_MASK	Serial2	SUCCESS		
68	0.00000419	Fresh Beans Roa	IOCTL_SERIAL_GET_COMMSTATUS	Serial2	SUCCESS		
69	0.00000419	Fresh Beans Roa	IOCTL_SERIAL_SET_WAIT_MASK	Serial2	SUCCESS	Mask: RXCHAR TXEMPTY CTS DSR RLSD BRK ERR RING 	
70	0.00000223	Fresh Beans Roa	IOCTL_SERIAL_WAIT_ON_MASK	Serial2	SUCCESS		
71	0.00000223	Fresh Beans Roa	IOCTL_SERIAL_SET_WAIT_MASK	Serial2	SUCCESS	Mask: RXCHAR TXEMPTY CTS DSR RLSD BRK ERR RING 	
72	0.46601649	Fresh Beans Roa	IOCTL_SERIAL_WAIT_ON_MASK	Serial2	SUCCESS		
73	0.00000307	Fresh Beans Roa	IOCTL_SERIAL_GET_COMMSTATUS	Serial2	SUCCESS		
74	0.00000251	Fresh Beans Roa	IOCTL_SERIAL_GET_COMMSTATUS	Serial2	SUCCESS		
75	0.00000307	Fresh Beans Roa	IRP_MJ_READ	Serial2	SUCCESS	Length 14: AA AA 61 74 00 02 01 05 02 03 FF 00 AA FA 	
76	0.00000251	Fresh Beans Roa	IOCTL_SERIAL_GET_COMMSTATUS	Serial2	SUCCESS		
77	0.00000251	Fresh Beans Roa	IOCTL_SERIAL_GET_COMMSTATUS	Serial2	SUCCESS		
78	0.00000279	Fresh Beans Roa	IOCTL_SERIAL_GET_COMMSTATUS	Serial2	SUCCESS		
79	0.00000726	Fresh Beans Roa	IOCTL_SERIAL_PURGE	Serial2	SUCCESS	Purge: TXABORT TXCLEAR 	
80	0.00000251	Fresh Beans Roa	IOCTL_SERIAL_GET_COMMSTATUS	Serial2	SUCCESS		
81	0.00000251	Fresh Beans Roa	IOCTL_SERIAL_GET_COMMSTATUS	Serial2	SUCCESS		
82	0.00000223	Fresh Beans Roa	IOCTL_SERIAL_GET_PROPERTIES	Serial2	SUCCESS		
83	0.01182078	Fresh Beans Roa	IRP_MJ_WRITE	Serial2	SUCCESS	Length 14: AA AA 61 74 63 02 01 05 02 03 00 00 AA FA 	
84	0.00000335	Fresh Beans Roa	IOCTL_SERIAL_GET_COMMSTATUS	Serial2	SUCCESS		
85	0.00000307	Fresh Beans Roa	IOCTL_SERIAL_SET_WAIT_MASK	Serial2	SUCCESS	Mask: RXCHAR TXEMPTY CTS DSR RLSD BRK ERR RING 	
86	0.04331556	Fresh Beans Roa	IOCTL_SERIAL_WAIT_ON_MASK	Serial2	SUCCESS		
87	0.00000196	Fresh Beans Roa	IOCTL_SERIAL_GET_COMMSTATUS	Serial2	SUCCESS		
88	0.00000531	Fresh Beans Roa	IOCTL_SERIAL_SET_WAIT_MASK	Serial2	SUCCESS	Mask: RXCHAR TXEMPTY CTS DSR RLSD BRK ERR RING 	
89	0.00000251	Fresh Beans Roa	IOCTL_SERIAL_WAIT_ON_MASK	Serial2	SUCCESS		
90	0.00000223	Fresh Beans Roa	IOCTL_SERIAL_SET_WAIT_MASK	Serial2	SUCCESS	Mask: RXCHAR TXEMPTY CTS DSR RLSD BRK ERR RING 	
91	0.47051148	Fresh Beans Roa	IOCTL_SERIAL_WAIT_ON_MASK	Serial2	SUCCESS		
92	0.00000335	Fresh Beans Roa	IOCTL_SERIAL_GET_COMMSTATUS	Serial2	SUCCESS		
93	0.00000335	Fresh Beans Roa	IOCTL_SERIAL_GET_COMMSTATUS	Serial2	SUCCESS		
94	0.00000335	Fresh Beans Roa	IRP_MJ_READ	Serial2	SUCCESS	Length 14: AA AA 61 74 00 02 01 05 02 03 FF 00 AA FA 	
95	0.00000223	Fresh Beans Roa	IOCTL_SERIAL_GET_COMMSTATUS	Serial2	SUCCESS		
96	0.00000279	Fresh Beans Roa	IOCTL_SERIAL_GET_COMMSTATUS	Serial2	SUCCESS		
97	0.00000251	Fresh Beans Roa	IOCTL_SERIAL_GET_COMMSTATUS	Serial2	SUCCESS		
98	0.00000643	Fresh Beans Roa	IOCTL_SERIAL_PURGE	Serial2	SUCCESS	Purge: TXABORT TXCLEAR 	
99	0.00000196	Fresh Beans Roa	IOCTL_SERIAL_GET_COMMSTATUS	Serial2	SUCCESS		
100	0.00000168	Fresh Beans Roa	IOCTL_SERIAL_GET_COMMSTATUS	Serial2	SUCCESS		
101	0.00000168	Fresh Beans Roa	IOCTL_SERIAL_GET_PROPERTIES	Serial2	SUCCESS		
102	0.01572434	Fresh Beans Roa	IRP_MJ_WRITE	Serial2	SUCCESS	Length 14: AA AA 61 74 63 02 01 05 02 03 00 00 AA FA 	
103	0.00000279	Fresh Beans Roa	IOCTL_SERIAL_SET_WAIT_MASK	Serial2	SUCCESS	Mask: RXCHAR TXEMPTY CTS DSR RLSD BRK ERR RING 	
104	0.03872447	Fresh Beans Roa	IOCTL_SERIAL_WAIT_ON_MASK	Serial2	SUCCESS		
105	0.00000223	Fresh Beans Roa	IOCTL_SERIAL_GET_COMMSTATUS	Serial2	SUCCESS		
106	0.00000251	Fresh Beans Roa	IOCTL_SERIAL_GET_COMMSTATUS	Serial2	SUCCESS		
107	0.00021539	Fresh Beans Roa	IOCTL_SERIAL_SET_WAIT_MASK	Serial2	SUCCESS	Mask: RXCHAR TXEMPTY CTS DSR RLSD BRK ERR RING 	
108	0.00017349	Fresh Beans Roa	IOCTL_SERIAL_WAIT_ON_MASK	Serial2	SUCCESS		
109	0.00014080	Fresh Beans Roa	IOCTL_SERIAL_SET_WAIT_MASK	Serial2	SUCCESS	Mask: RXCHAR TXEMPTY CTS DSR RLSD BRK ERR RING 	
110	0.44771109	Fresh Beans Roa	IOCTL_SERIAL_WAIT_ON_MASK	Serial2	SUCCESS		
111	0.00010337	Fresh Beans Roa	IOCTL_SERIAL_GET_COMMSTATUS	Serial2	SUCCESS		
112	0.00008353	Fresh Beans Roa	IOCTL_SERIAL_GET_COMMSTATUS	Serial2	SUCCESS		
113	0.00006900	Fresh Beans Roa	IRP_MJ_READ	Serial2	SUCCESS	Length 14: AA AA 61 74 00 02 01 05 02 03 FF 00 AA FA 	
114	0.00005531	Fresh Beans Roa	IOCTL_SERIAL_GET_COMMSTATUS	Serial2	SUCCESS		
115	0.00004498	Fresh Beans Roa	IOCTL_SERIAL_GET_COMMSTATUS	Serial2	SUCCESS		
116	0.00003688	Fresh Beans Roa	IOCTL_SERIAL_GET_COMMSTATUS	Serial2	SUCCESS		
117	0.00000782	Fresh Beans Roa	IOCTL_SERIAL_PURGE	Serial2	SUCCESS	Purge: TXABORT TXCLEAR 	
118	0.00000279	Fresh Beans Roa	IOCTL_SERIAL_GET_COMMSTATUS	Serial2	SUCCESS		
119	0.00000223	Fresh Beans Roa	IOCTL_SERIAL_GET_COMMSTATUS	Serial2	SUCCESS		
120	0.00000251	Fresh Beans Roa	IOCTL_SERIAL_GET_PROPERTIES	Serial2	SUCCESS		
121	0.00184157	Fresh Beans Roa	IRP_MJ_WRITE	Serial2	SUCCESS	Length 14: AA AA 61 74 63 02 01 05 02 03 00 00 AA FA 	
122	0.00000307	Fresh Beans Roa	IOCTL_SERIAL_SET_WAIT_MASK	Serial2	SUCCESS	Mask: RXCHAR TXEMPTY CTS DSR RLSD BRK ERR RING 	
123	0.03952905	Fresh Beans Roa	IOCTL_SERIAL_WAIT_ON_MASK	Serial2	SUCCESS		
124	0.00000168	Fresh Beans Roa	IOCTL_SERIAL_GET_COMMSTATUS	Serial2	SUCCESS		
125	0.00000866	Fresh Beans Roa	IOCTL_SERIAL_GET_COMMSTATUS	Serial2	SUCCESS		
126	0.00000307	Fresh Beans Roa	IOCTL_SERIAL_SET_WAIT_MASK	Serial2	SUCCESS	Mask: RXCHAR TXEMPTY CTS DSR RLSD BRK ERR RING 	
127	0.00000168	Fresh Beans Roa	IOCTL_SERIAL_WAIT_ON_MASK	Serial2	SUCCESS		
128	0.00000140	Fresh Beans Roa	IOCTL_SERIAL_SET_WAIT_MASK	Serial2	SUCCESS	Mask: RXCHAR TXEMPTY CTS DSR RLSD BRK ERR RING 	
129	0.46504961	Fresh Beans Roa	IOCTL_SERIAL_WAIT_ON_MASK	Serial2	SUCCESS		
130	0.00000168	Fresh Beans Roa	IOCTL_SERIAL_GET_COMMSTATUS	Serial2	SUCCESS		
131	0.00000168	Fresh Beans Roa	IOCTL_SERIAL_GET_COMMSTATUS	Serial2	SUCCESS		
132	0.00000223	Fresh Beans Roa	IRP_MJ_READ	Serial2	SUCCESS	Length 14: AA AA 61 74 00 02 01 05 02 03 FF 00 AA FA 	
133	0.00000168	Fresh Beans Roa	IOCTL_SERIAL_GET_COMMSTATUS	Serial2	SUCCESS		
134	0.00000140	Fresh Beans Roa	IOCTL_SERIAL_GET_COMMSTATUS	Serial2	SUCCESS		
135	0.00000168	Fresh Beans Roa	IOCTL_SERIAL_GET_COMMSTATUS	Serial2	SUCCESS		
136	0.00000726	Fresh Beans Roa	IOCTL_SERIAL_PURGE	Serial2	SUCCESS	Purge: TXABORT TXCLEAR 	
137	0.00000168	Fresh Beans Roa	IOCTL_SERIAL_GET_COMMSTATUS	Serial2	SUCCESS		
138	0.00000168	Fresh Beans Roa	IOCTL_SERIAL_GET_COMMSTATUS	Serial2	SUCCESS		
139	0.00000168	Fresh Beans Roa	IOCTL_SERIAL_GET_PROPERTIES	Serial2	SUCCESS		
140	0.00650138	Fresh Beans Roa	IRP_MJ_WRITE	Serial2	SUCCESS	Length 14: AA AA 61 74 63 02 01 05 02 03 00 00 AA FA 	
141	0.00000363	Fresh Beans Roa	IOCTL_SERIAL_SET_WAIT_MASK	Serial2	SUCCESS	Mask: RXCHAR TXEMPTY CTS DSR RLSD BRK ERR RING 	
142	0.04179581	Fresh Beans Roa	IOCTL_SERIAL_WAIT_ON_MASK	Serial2	SUCCESS		
143	0.00000251	Fresh Beans Roa	IOCTL_SERIAL_GET_COMMSTATUS	Serial2	SUCCESS		
144	0.00000475	Fresh Beans Roa	IOCTL_SERIAL_GET_COMMSTATUS	Serial2	SUCCESS		
145	0.00000335	Fresh Beans Roa	IOCTL_SERIAL_SET_WAIT_MASK	Serial2	SUCCESS	Mask: RXCHAR TXEMPTY CTS DSR RLSD BRK ERR RING 	
146	0.00000168	Fresh Beans Roa	IOCTL_SERIAL_WAIT_ON_MASK	Serial2	SUCCESS		
147	0.00000140	Fresh Beans Roa	IOCTL_SERIAL_SET_WAIT_MASK	Serial2	SUCCESS	Mask: RXCHAR TXEMPTY CTS DSR RLSD BRK ERR RING 	
148	0.46584859	Fresh Beans Roa	IOCTL_SERIAL_WAIT_ON_MASK	Serial2	SUCCESS		
149	0.00000196	Fresh Beans Roa	IOCTL_SERIAL_GET_COMMSTATUS	Serial2	SUCCESS		
150	0.00000335	Fresh Beans Roa	IOCTL_SERIAL_GET_COMMSTATUS	Serial2	SUCCESS		
151	0.00000307	Fresh Beans Roa	IRP_MJ_READ	Serial2	SUCCESS	Length 14: AA AA 61 74 00 02 01 05 02 03 FF 00 AA FA 	
152	0.00000140	Fresh Beans Roa	IOCTL_SERIAL_GET_COMMSTATUS	Serial2	SUCCESS		
153	0.00000196	Fresh Beans Roa	IOCTL_SERIAL_GET_COMMSTATUS	Serial2	SUCCESS		
154	0.00000447	Fresh Beans Roa	IOCTL_SERIAL_GET_COMMSTATUS	Serial2	SUCCESS		
155	0.00000922	Fresh Beans Roa	IOCTL_SERIAL_PURGE	Serial2	SUCCESS	Purge: TXABORT TXCLEAR 	
156	0.00000251	Fresh Beans Roa	IOCTL_SERIAL_GET_COMMSTATUS	Serial2	SUCCESS		
157	0.00000335	Fresh Beans Roa	IOCTL_SERIAL_GET_COMMSTATUS	Serial2	SUCCESS		
158	0.00000223	Fresh Beans Roa	IOCTL_SERIAL_GET_PROPERTIES	Serial2	SUCCESS		
159	0.01368358	Fresh Beans Roa	IRP_MJ_WRITE	Serial2	SUCCESS	Length 14: AA AA 61 74 63 02 01 05 02 03 00 00 AA FA 	
160	0.00000307	Fresh Beans Roa	IOCTL_SERIAL_SET_WAIT_MASK	Serial2	SUCCESS	Mask: RXCHAR TXEMPTY CTS DSR RLSD BRK ERR RING 	
161	0.03984920	Fresh Beans Roa	IOCTL_SERIAL_WAIT_ON_MASK	Serial2	SUCCESS		
162	0.00000223	Fresh Beans Roa	IOCTL_SERIAL_GET_COMMSTATUS	Serial2	SUCCESS		
163	0.00000279	Fresh Beans Roa	IOCTL_SERIAL_GET_COMMSTATUS	Serial2	SUCCESS		
164	0.00000391	Fresh Beans Roa	IOCTL_SERIAL_GET_COMMSTATUS	Serial2	SUCCESS		
165	0.00000168	Fresh Beans Roa	IOCTL_SERIAL_GET_COMMSTATUS	Serial2	SUCCESS		
166	0.00000223	Fresh Beans Roa	IRP_MJ_READ	Serial2	SUCCESS	Length 14: AA AA 61 74 00 02 01 05 02 03 FF 00 AA FA 	
167	0.00000168	Fresh Beans Roa	IOCTL_SERIAL_GET_COMMSTATUS	Serial2	SUCCESS		
168	0.00000168	Fresh Beans Roa	IOCTL_SERIAL_GET_COMMSTATUS	Serial2	SUCCESS		
169	0.00000168	Fresh Beans Roa	IOCTL_SERIAL_SET_WAIT_MASK	Serial2	SUCCESS	Mask: RXCHAR TXEMPTY CTS DSR RLSD BRK ERR RING 	
170	0.00000140	Fresh Beans Roa	IOCTL_SERIAL_WAIT_ON_MASK	Serial2	SUCCESS		
171	0.00000168	Fresh Beans Roa	IOCTL_SERIAL_GET_COMMSTATUS	Serial2	SUCCESS		
172	0.00000168	Fresh Beans Roa	IOCTL_SERIAL_SET_WAIT_MASK	Serial2	SUCCESS	Mask: RXCHAR TXEMPTY CTS DSR RLSD BRK ERR RING 	
173	0.46769911	Fresh Beans Roa	IOCTL_SERIAL_WAIT_ON_MASK	Serial2	SUCCESS		
174	0.00000643	Fresh Beans Roa	IOCTL_SERIAL_PURGE	Serial2	SUCCESS	Purge: TXABORT TXCLEAR 	
175	0.00000196	Fresh Beans Roa	IOCTL_SERIAL_GET_COMMSTATUS	Serial2	SUCCESS		
176	0.00000168	Fresh Beans Roa	IOCTL_SERIAL_GET_COMMSTATUS	Serial2	SUCCESS		
177	0.00000196	Fresh Beans Roa	IOCTL_SERIAL_GET_PROPERTIES	Serial2	SUCCESS		
178	0.01977179	Fresh Beans Roa	IRP_MJ_WRITE	Serial2	SUCCESS	Length 14: AA AA 61 74 63 02 01 05 02 03 00 00 AA FA 	
179	0.00000447	Fresh Beans Roa	IOCTL_SERIAL_GET_COMMSTATUS	Serial2	SUCCESS		
180	0.00000447	Fresh Beans Roa	IOCTL_SERIAL_GET_COMMSTATUS	Serial2	SUCCESS		
181	0.00000279	Fresh Beans Roa	IOCTL_SERIAL_SET_WAIT_MASK	Serial2	SUCCESS	Mask: RXCHAR TXEMPTY CTS DSR RLSD BRK ERR RING 	
182	0.04094571	Fresh Beans Roa	IOCTL_SERIAL_WAIT_ON_MASK	Serial2	SUCCESS		
183	0.00000503	Fresh Beans Roa	IOCTL_SERIAL_GET_COMMSTATUS	Serial2	SUCCESS		
184	0.00000251	Fresh Beans Roa	IOCTL_SERIAL_GET_COMMSTATUS	Serial2	SUCCESS		
185	0.00000363	Fresh Beans Roa	IRP_MJ_READ	Serial2	SUCCESS	Length 14: AA AA 61 74 00 02 01 05 02 03 FF 00 AA FA 	
186	0.00000251	Fresh Beans Roa	IOCTL_SERIAL_GET_COMMSTATUS	Serial2	SUCCESS		
187	0.00000223	Fresh Beans Roa	IOCTL_SERIAL_GET_COMMSTATUS	Serial2	SUCCESS		
188	0.00000251	Fresh Beans Roa	IOCTL_SERIAL_SET_WAIT_MASK	Serial2	SUCCESS	Mask: RXCHAR TXEMPTY CTS DSR RLSD BRK ERR RING 	
189	0.00000223	Fresh Beans Roa	IOCTL_SERIAL_WAIT_ON_MASK	Serial2	SUCCESS		
190	0.00000223	Fresh Beans Roa	IOCTL_SERIAL_GET_COMMSTATUS	Serial2	SUCCESS		
191	0.00000223	Fresh Beans Roa	IOCTL_SERIAL_SET_WAIT_MASK	Serial2	SUCCESS	Mask: RXCHAR TXEMPTY CTS DSR RLSD BRK ERR RING 	
192	0.44448582	Fresh Beans Roa	IOCTL_SERIAL_WAIT_ON_MASK	Serial2	SUCCESS		
193	0.00000670	Fresh Beans Roa	IOCTL_SERIAL_PURGE	Serial2	SUCCESS	Purge: TXABORT TXCLEAR 	
194	0.00000196	Fresh Beans Roa	IOCTL_SERIAL_GET_COMMSTATUS	Serial2	SUCCESS		
195	0.00000168	Fresh Beans Roa	IOCTL_SERIAL_GET_COMMSTATUS	Serial2	SUCCESS		
196	0.00000196	Fresh Beans Roa	IOCTL_SERIAL_GET_PROPERTIES	Serial2	SUCCESS		
197	0.00561915	Fresh Beans Roa	IRP_MJ_WRITE	Serial2	SUCCESS	Length 14: AA AA 61 74 63 02 01 05 02 03 00 00 AA FA 	
198	0.00000307	Fresh Beans Roa	IOCTL_SERIAL_GET_COMMSTATUS	Serial2	SUCCESS		
199	0.00000251	Fresh Beans Roa	IOCTL_SERIAL_SET_WAIT_MASK	Serial2	SUCCESS	Mask: RXCHAR TXEMPTY CTS DSR RLSD BRK ERR RING 	
200	0.03893065	Fresh Beans Roa	IOCTL_SERIAL_WAIT_ON_MASK	Serial2	SUCCESS		
201	0.00000168	Fresh Beans Roa	IOCTL_SERIAL_GET_COMMSTATUS	Serial2	SUCCESS		
202	0.00000279	Fresh Beans Roa	IOCTL_SERIAL_SET_WAIT_MASK	Serial2	SUCCESS	Mask: RXCHAR TXEMPTY CTS DSR RLSD BRK ERR RING 	
203	0.00000168	Fresh Beans Roa	IOCTL_SERIAL_WAIT_ON_MASK	Serial2	SUCCESS		
204	0.00000168	Fresh Beans Roa	IOCTL_SERIAL_SET_WAIT_MASK	Serial2	SUCCESS	Mask: RXCHAR TXEMPTY CTS DSR RLSD BRK ERR RING 	
205	0.46586982	Fresh Beans Roa	IOCTL_SERIAL_WAIT_ON_MASK	Serial2	SUCCESS		
206	0.00000196	Fresh Beans Roa	IOCTL_SERIAL_GET_COMMSTATUS	Serial2	SUCCESS		
207	0.00000168	Fresh Beans Roa	IOCTL_SERIAL_GET_COMMSTATUS	Serial2	SUCCESS		
208	0.00000251	Fresh Beans Roa	IRP_MJ_READ	Serial2	SUCCESS	Length 14: AA AA 61 74 00 02 01 05 02 03 FF 00 AA FA 	
209	0.00000168	Fresh Beans Roa	IOCTL_SERIAL_GET_COMMSTATUS	Serial2	SUCCESS		
210	0.00000168	Fresh Beans Roa	IOCTL_SERIAL_GET_COMMSTATUS	Serial2	SUCCESS		
211	0.00000168	Fresh Beans Roa	IOCTL_SERIAL_GET_COMMSTATUS	Serial2	SUCCESS		
212	0.00000643	Fresh Beans Roa	IOCTL_SERIAL_PURGE	Serial2	SUCCESS	Purge: TXABORT TXCLEAR 	
213	0.00000196	Fresh Beans Roa	IOCTL_SERIAL_GET_COMMSTATUS	Serial2	SUCCESS		
214	0.00000168	Fresh Beans Roa	IOCTL_SERIAL_GET_COMMSTATUS	Serial2	SUCCESS		
215	0.00000168	Fresh Beans Roa	IOCTL_SERIAL_GET_PROPERTIES	Serial2	SUCCESS		
216	0.01132658	Fresh Beans Roa	IRP_MJ_WRITE	Serial2	SUCCESS	Length 14: AA AA 61 74 63 02 01 05 02 03 00 00 AA FA 	
217	0.00000475	Fresh Beans Roa	IOCTL_SERIAL_GET_COMMSTATUS	Serial2	SUCCESS		
218	0.00000475	Fresh Beans Roa	IOCTL_SERIAL_SET_WAIT_MASK	Serial2	SUCCESS	Mask: RXCHAR TXEMPTY CTS DSR RLSD BRK ERR RING 	
219	0.03965001	Fresh Beans Roa	IOCTL_SERIAL_WAIT_ON_MASK	Serial2	SUCCESS		
220	0.00000279	Fresh Beans Roa	IOCTL_SERIAL_GET_COMMSTATUS	Serial2	SUCCESS		
221	0.00000363	Fresh Beans Roa	IOCTL_SERIAL_SET_WAIT_MASK	Serial2	SUCCESS	Mask: RXCHAR TXEMPTY CTS DSR RLSD BRK ERR RING 	
222	0.00000168	Fresh Beans Roa	IOCTL_SERIAL_WAIT_ON_MASK	Serial2	SUCCESS		
223	0.00000168	Fresh Beans Roa	IOCTL_SERIAL_SET_WAIT_MASK	Serial2	SUCCESS	Mask: RXCHAR TXEMPTY CTS DSR RLSD BRK ERR RING 	
224	0.45236224	Fresh Beans Roa	IOCTL_SERIAL_WAIT_ON_MASK	Serial2	SUCCESS		
225	0.00000196	Fresh Beans Roa	IOCTL_SERIAL_GET_COMMSTATUS	Serial2	SUCCESS		
226	0.00000168	Fresh Beans Roa	IOCTL_SERIAL_GET_COMMSTATUS	Serial2	SUCCESS		
227	0.00000251	Fresh Beans Roa	IRP_MJ_READ	Serial2	SUCCESS	Length 14: AA AA 61 74 00 02 01 05 02 03 FF 00 AA FA 	
228	0.00000196	Fresh Beans Roa	IOCTL_SERIAL_GET_COMMSTATUS	Serial2	SUCCESS		
229	0.00000168	Fresh Beans Roa	IOCTL_SERIAL_GET_COMMSTATUS	Serial2	SUCCESS		
230	0.00000168	Fresh Beans Roa	IOCTL_SERIAL_GET_COMMSTATUS	Serial2	SUCCESS		
231	0.00000615	Fresh Beans Roa	IOCTL_SERIAL_PURGE	Serial2	SUCCESS	Purge: TXABORT TXCLEAR 	
232	0.00000223	Fresh Beans Roa	IOCTL_SERIAL_GET_COMMSTATUS	Serial2	SUCCESS		
233	0.00000196	Fresh Beans Roa	IOCTL_SERIAL_GET_COMMSTATUS	Serial2	SUCCESS		
234	0.00000168	Fresh Beans Roa	IOCTL_SERIAL_GET_PROPERTIES	Serial2	SUCCESS		
235	0.00325488	Fresh Beans Roa	IRP_MJ_WRITE	Serial2	SUCCESS	Length 14: AA AA 61 74 63 02 01 05 02 03 00 00 AA FA 	
236	0.00000307	Fresh Beans Roa	IOCTL_SERIAL_GET_COMMSTATUS	Serial2	SUCCESS		
237	0.00000307	Fresh Beans Roa	IOCTL_SERIAL_SET_WAIT_MASK	Serial2	SUCCESS	Mask: RXCHAR TXEMPTY CTS DSR RLSD BRK ERR RING 	
238	0.04201791	Fresh Beans Roa	IOCTL_SERIAL_WAIT_ON_MASK	Serial2	SUCCESS		
239	0.00000168	Fresh Beans Roa	IOCTL_SERIAL_GET_COMMSTATUS	Serial2	SUCCESS		
240	0.00000307	Fresh Beans Roa	IOCTL_SERIAL_SET_WAIT_MASK	Serial2	SUCCESS	Mask: RXCHAR TXEMPTY CTS DSR RLSD BRK ERR RING 	
241	0.00000168	Fresh Beans Roa	IOCTL_SERIAL_WAIT_ON_MASK	Serial2	SUCCESS		
242	0.00000168	Fresh Beans Roa	IOCTL_SERIAL_SET_WAIT_MASK	Serial2	SUCCESS	Mask: RXCHAR TXEMPTY CTS DSR RLSD BRK ERR RING 	
243	0.15005343	Fresh Beans Roa	IOCTL_SERIAL_WAIT_ON_MASK	Serial2	SUCCESS		
244	0.00000196	Fresh Beans Roa	IOCTL_SERIAL_GET_COMMSTATUS	Serial2	SUCCESS		
245	0.00000168	Fresh Beans Roa	IOCTL_SERIAL_GET_COMMSTATUS	Serial2	SUCCESS		
246	0.00000223	Fresh Beans Roa	IRP_MJ_READ	Serial2	SUCCESS	Length 14: AA AA 61 74 00 02 01 05 02 03 FF 00 AA FA 	
247	0.00000168	Fresh Beans Roa	IOCTL_SERIAL_GET_COMMSTATUS	Serial2	SUCCESS		
248	0.00000168	Fresh Beans Roa	IOCTL_SERIAL_GET_COMMSTATUS	Serial2	SUCCESS		
249	0.00000140	Fresh Beans Roa	IOCTL_SERIAL_GET_COMMSTATUS	Serial2	SUCCESS		
250	0.00012823	Fresh Beans Roa	IOCTL_SERIAL_SET_WAIT_MASK	Serial2	SUCCESS	Mask: 	
251	0.01303099	Fresh Beans Roa	IOCTL_SERIAL_CLR_DTR	Serial2	SUCCESS		
252	0.00014359	Fresh Beans Roa	IOCTL_SERIAL_PURGE	Serial2	SUCCESS	Purge: TXABORT RXABORT TXCLEAR RXCLEAR	
253	0.00007934	Fresh Beans Roa	IRP_MJ_CLEANUP	Serial2	SUCCESS		
254	0.00903718	Fresh Beans Roa	IRP_MJ_CLOSE	Serial2	SUCCESS		
